This is pdfTeX, Version 3.141592653-2.6-1.40.25 (TeX Live 2023/Debian) (preloaded format=pdflatex 2025.10.4)  4 OCT 2025 08:38
entering extended mode
 restricted \write18 enabled.
 %&-line parsing enabled.
**AIML-CloudBigDataArchitectTrainerProfile.tex
(./AIML-CloudBigDataArchitectTrainerProfile.tex
LaTeX2e <2023-11-01> patch level 1
L3 programming layer <2024-01-22>
(/usr/share/texlive/texmf-dist/tex/latex/base/article.cls
Document Class: article 2023/05/17 v1.4n Standard LaTeX document class
(/usr/share/texlive/texmf-dist/tex/latex/base/size10.clo
File: size10.clo 2023/05/17 v1.4n Standard LaTeX file (size option)
)
\c@part=\count187
\c@section=\count188
\c@subsection=\count189
\c@subsubsection=\count190
\c@paragraph=\count191
\c@subparagraph=\count192
\c@figure=\count193
\c@table=\count194
\abovecaptionskip=\skip48
\belowcaptionskip=\skip49
\bibindent=\dimen140
)
(/usr/share/texlive/texmf-dist/tex/latex/base/inputenc.sty
Package: inputenc 2021/02/14 v1.3d Input encoding file
\inpenc@prehook=\toks17
\inpenc@posthook=\toks18
)
(/usr/share/texlive/texmf-dist/tex/latex/graphics/graphicx.sty
Package: graphicx 2021/09/16 v1.2d Enhanced LaTeX Graphics (DPC,SPQR)

(/usr/share/texlive/texmf-dist/tex/latex/graphics/keyval.sty
Package: keyval 2022/05/29 v1.15 key=value parser (DPC)
\KV@toks@=\toks19
)
(/usr/share/texlive/texmf-dist/tex/latex/graphics/graphics.sty
Package: graphics 2022/03/10 v1.4e Standard LaTeX Graphics (DPC,SPQR)

(/usr/share/texlive/texmf-dist/tex/latex/graphics/trig.sty
Package: trig 2021/08/11 v1.11 sin cos tan (DPC)
)
(/usr/share/texlive/texmf-dist/tex/latex/graphics-cfg/graphics.cfg
File: graphics.cfg 2016/06/04 v1.11 sample graphics configuration
)
Package graphics Info: Driver file: pdftex.def on input line 107.

(/usr/share/texlive/texmf-dist/tex/latex/graphics-def/pdftex.def
File: pdftex.def 2022/09/22 v1.2b Graphics/color driver for pdftex
))
\Gin@req@height=\dimen141
\Gin@req@width=\dimen142
)
(/usr/share/texlive/texmf-dist/tex/latex/hyperref/hyperref.sty
Package: hyperref 2024-01-20 v7.01h Hypertext links for LaTeX

(/usr/share/texlive/texmf-dist/tex/generic/iftex/iftex.sty
Package: iftex 2022/02/03 v1.0f TeX engine tests
)
(/usr/share/texlive/texmf-dist/tex/latex/kvsetkeys/kvsetkeys.sty
Package: kvsetkeys 2022-10-05 v1.19 Key value parser (HO)
)
(/usr/share/texlive/texmf-dist/tex/generic/kvdefinekeys/kvdefinekeys.sty
Package: kvdefinekeys 2019-12-19 v1.6 Define keys (HO)
)
(/usr/share/texlive/texmf-dist/tex/generic/pdfescape/pdfescape.sty
Package: pdfescape 2019/12/09 v1.15 Implements pdfTeX's escape features (HO)

(/usr/share/texlive/texmf-dist/tex/generic/ltxcmds/ltxcmds.sty
Package: ltxcmds 2023-12-04 v1.26 LaTeX kernel commands for general use (HO)
)
(/usr/share/texlive/texmf-dist/tex/generic/pdftexcmds/pdftexcmds.sty
Package: pdftexcmds 2020-06-27 v0.33 Utility functions of pdfTeX for LuaTeX (HO
)

(/usr/share/texlive/texmf-dist/tex/generic/infwarerr/infwarerr.sty
Package: infwarerr 2019/12/03 v1.5 Providing info/warning/error messages (HO)
)
Package pdftexcmds Info: \pdf@primitive is available.
Package pdftexcmds Info: \pdf@ifprimitive is available.
Package pdftexcmds Info: \pdfdraftmode found.
))
(/usr/share/texlive/texmf-dist/tex/latex/hycolor/hycolor.sty
Package: hycolor 2020-01-27 v1.10 Color options for hyperref/bookmark (HO)
)
(/usr/share/texlive/texmf-dist/tex/latex/auxhook/auxhook.sty
Package: auxhook 2019-12-17 v1.6 Hooks for auxiliary files (HO)
)
(/usr/share/texlive/texmf-dist/tex/latex/hyperref/nameref.sty
Package: nameref 2023-11-26 v2.56 Cross-referencing by name of section

(/usr/share/texlive/texmf-dist/tex/latex/refcount/refcount.sty
Package: refcount 2019/12/15 v3.6 Data extraction from label references (HO)
)
(/usr/share/texlive/texmf-dist/tex/generic/gettitlestring/gettitlestring.sty
Package: gettitlestring 2019/12/15 v1.6 Cleanup title references (HO)

(/usr/share/texlive/texmf-dist/tex/latex/kvoptions/kvoptions.sty
Package: kvoptions 2022-06-15 v3.15 Key value format for package options (HO)
))
\c@section@level=\count195
)
(/usr/share/texlive/texmf-dist/tex/latex/etoolbox/etoolbox.sty
Package: etoolbox 2020/10/05 v2.5k e-TeX tools for LaTeX (JAW)
\etb@tempcnta=\count196
)
\@linkdim=\dimen143
\Hy@linkcounter=\count197
\Hy@pagecounter=\count198

(/usr/share/texlive/texmf-dist/tex/latex/hyperref/pd1enc.def
File: pd1enc.def 2024-01-20 v7.01h Hyperref: PDFDocEncoding definition (HO)
Now handling font encoding PD1 ...
... no UTF-8 mapping file for font encoding PD1
)
(/usr/share/texlive/texmf-dist/tex/generic/intcalc/intcalc.sty
Package: intcalc 2019/12/15 v1.3 Expandable calculations with integers (HO)
)
\Hy@SavedSpaceFactor=\count199

(/usr/share/texlive/texmf-dist/tex/latex/hyperref/puenc.def
File: puenc.def 2024-01-20 v7.01h Hyperref: PDF Unicode definition (HO)
Now handling font encoding PU ...
... no UTF-8 mapping file for font encoding PU
)
Package hyperref Info: Hyper figures OFF on input line 4179.
Package hyperref Info: Link nesting OFF on input line 4184.
Package hyperref Info: Hyper index ON on input line 4187.
Package hyperref Info: Plain pages OFF on input line 4194.
Package hyperref Info: Backreferencing OFF on input line 4199.
Package hyperref Info: Implicit mode ON; LaTeX internals redefined.
Package hyperref Info: Bookmarks ON on input line 4446.
\c@Hy@tempcnt=\count266

(/usr/share/texlive/texmf-dist/tex/latex/url/url.sty
\Urlmuskip=\muskip16
Package: url 2013/09/16  ver 3.4  Verb mode for urls, etc.
)
LaTeX Info: Redefining \url on input line 4784.
\XeTeXLinkMargin=\dimen144

(/usr/share/texlive/texmf-dist/tex/generic/bitset/bitset.sty
Package: bitset 2019/12/09 v1.3 Handle bit-vector datatype (HO)

(/usr/share/texlive/texmf-dist/tex/generic/bigintcalc/bigintcalc.sty
Package: bigintcalc 2019/12/15 v1.5 Expandable calculations on big integers (HO
)
))
\Fld@menulength=\count267
\Field@Width=\dimen145
\Fld@charsize=\dimen146
Package hyperref Info: Hyper figures OFF on input line 6063.
Package hyperref Info: Link nesting OFF on input line 6068.
Package hyperref Info: Hyper index ON on input line 6071.
Package hyperref Info: backreferencing OFF on input line 6078.
Package hyperref Info: Link coloring OFF on input line 6083.
Package hyperref Info: Link coloring with OCG OFF on input line 6088.
Package hyperref Info: PDF/A mode OFF on input line 6093.

(/usr/share/texlive/texmf-dist/tex/latex/base/atbegshi-ltx.sty
Package: atbegshi-ltx 2021/01/10 v1.0c Emulation of the original atbegshi
package with kernel methods
)
\Hy@abspage=\count268
\c@Item=\count269
\c@Hfootnote=\count270
)
Package hyperref Info: Driver (autodetected): hpdftex.

(/usr/share/texlive/texmf-dist/tex/latex/hyperref/hpdftex.def
File: hpdftex.def 2024-01-20 v7.01h Hyperref driver for pdfTeX

(/usr/share/texlive/texmf-dist/tex/latex/base/atveryend-ltx.sty
Package: atveryend-ltx 2020/08/19 v1.0a Emulation of the original atveryend pac
kage
with kernel methods
)
\Fld@listcount=\count271
\c@bookmark@seq@number=\count272

(/usr/share/texlive/texmf-dist/tex/latex/rerunfilecheck/rerunfilecheck.sty
Package: rerunfilecheck 2022-07-10 v1.10 Rerun checks for auxiliary files (HO)

(/usr/share/texlive/texmf-dist/tex/generic/uniquecounter/uniquecounter.sty
Package: uniquecounter 2019/12/15 v1.4 Provide unlimited unique counter (HO)
)
Package uniquecounter Info: New unique counter `rerunfilecheck' on input line 2
85.
)
\Hy@SectionHShift=\skip50
)
(/usr/share/texlive/texmf-dist/tex/generic/ulem/ulem.sty
\UL@box=\box51
\UL@hyphenbox=\box52
\UL@skip=\skip51
\UL@hook=\toks20
\UL@height=\dimen147
\UL@pe=\count273
\UL@pixel=\dimen148
\ULC@box=\box53
Package: ulem 2019/11/18
\ULdepth=\dimen149
)
(/usr/share/texlive/texmf-dist/tex/generic/soul/soul.sty
Package: soul 2023-06-14 v3.1 Permit use of UTF-8 characters in soul (HO)

(/usr/share/texlive/texmf-dist/tex/generic/soul/soul-ori.sty
Package: soul-ori 2023-06-14 v3.1 letterspacing/underlining (mf)
\SOUL@word=\toks21
\SOUL@lasttoken=\toks22
\SOUL@syllable=\toks23
\SOUL@cmds=\toks24
\SOUL@buffer=\toks25
\SOUL@token=\toks26
\SOUL@syllgoal=\dimen150
\SOUL@syllwidth=\dimen151
\SOUL@charkern=\dimen152
\SOUL@hyphkern=\dimen153
\SOUL@dimen=\dimen154
\SOUL@dimeni=\dimen155
\SOUL@minus=\count274
\SOUL@comma=\count275
\SOUL@apo=\count276
\SOUL@grave=\count277
\SOUL@spaceskip=\skip52
\SOUL@ttwidth=\dimen156
\SOUL@uldp=\dimen157
\SOUL@ulht=\dimen158
)
(/usr/share/texlive/texmf-dist/tex/generic/etexcmds/etexcmds.sty
Package: etexcmds 2019/12/15 v1.7 Avoid name clashes with e-TeX commands (HO)
))
(/usr/share/texlive/texmf-dist/tex/latex/l3backend/l3backend-pdftex.def
File: l3backend-pdftex.def 2024-01-04 L3 backend support: PDF output (pdfTeX)
\l__color_backend_stack_int=\count278
\l__pdf_internal_box=\box54
)
No file AIML-CloudBigDataArchitectTrainerProfile.aux.
\openout1 = `AIML-CloudBigDataArchitectTrainerProfile.aux'.

LaTeX Font Info:    Checking defaults for OML/cmm/m/it on input line 9.
LaTeX Font Info:    ... okay on input line 9.
LaTeX Font Info:    Checking defaults for OMS/cmsy/m/n on input line 9.
LaTeX Font Info:    ... okay on input line 9.
LaTeX Font Info:    Checking defaults for OT1/cmr/m/n on input line 9.
LaTeX Font Info:    ... okay on input line 9.
LaTeX Font Info:    Checking defaults for T1/cmr/m/n on input line 9.
LaTeX Font Info:    ... okay on input line 9.
LaTeX Font Info:    Checking defaults for TS1/cmr/m/n on input line 9.
LaTeX Font Info:    ... okay on input line 9.
LaTeX Font Info:    Checking defaults for OMX/cmex/m/n on input line 9.
LaTeX Font Info:    ... okay on input line 9.
LaTeX Font Info:    Checking defaults for U/cmr/m/n on input line 9.
LaTeX Font Info:    ... okay on input line 9.
LaTeX Font Info:    Checking defaults for PD1/pdf/m/n on input line 9.
LaTeX Font Info:    ... okay on input line 9.
LaTeX Font Info:    Checking defaults for PU/pdf/m/n on input line 9.
LaTeX Font Info:    ... okay on input line 9.
(/usr/share/texlive/texmf-dist/tex/context/base/mkii/supp-pdf.mkii
[Loading MPS to PDF converter (version 2006.09.02).]
\scratchcounter=\count279
\scratchdimen=\dimen159
\scratchbox=\box55
\nofMPsegments=\count280
\nofMParguments=\count281
\everyMPshowfont=\toks27
\MPscratchCnt=\count282
\MPscratchDim=\dimen160
\MPnumerator=\count283
\makeMPintoPDFobject=\count284
\everyMPtoPDFconversion=\toks28
) (/usr/share/texlive/texmf-dist/tex/latex/epstopdf-pkg/epstopdf-base.sty
Package: epstopdf-base 2020-01-24 v2.11 Base part for package epstopdf
Package epstopdf-base Info: Redefining graphics rule for `.eps' on input line 4
85.

(/usr/share/texlive/texmf-dist/tex/latex/latexconfig/epstopdf-sys.cfg
File: epstopdf-sys.cfg 2010/07/13 v1.3 Configuration of (r)epstopdf for TeX Liv
e
))
Package hyperref Info: Link coloring OFF on input line 9.
\@outlinefile=\write3
\openout3 = `AIML-CloudBigDataArchitectTrainerProfile.out'.

<media/image1.png, id=4, 61.758pt x 85.7385pt>
File: media/image1.png Graphic file (type png)
<use media/image1.png>
Package pdftex.def Info: media/image1.png  used on input line 11.
(pdftex.def)             Requested size: 53.23898pt x 58.93329pt.
<media/image2.jpeg, id=6, 235.88126pt x 236.885pt>
File: media/image2.jpeg Graphic file (type jpg)
<use media/image2.jpeg>
Package pdftex.def Info: media/image2.jpeg  used on input line 12.
(pdftex.def)             Requested size: 53.68646pt x 53.88237pt.
<media/image3.png, id=7, 573.14125pt x 794.97pt>
File: media/image3.png Graphic file (type png)
<use media/image3.png>
Package pdftex.def Info: media/image3.png  used on input line 13.
(pdftex.def)             Requested size: 45.39746pt x 62.94386pt.
<media/image4.png, id=8, 127.458pt x 66.6855pt>
File: media/image4.png Graphic file (type png)
<use media/image4.png>
Package pdftex.def Info: media/image4.png  used on input line 14.
(pdftex.def)             Requested size: 63.17842pt x 66.68329pt.
<media/image5.png, id=9, 58.473pt x 76.5405pt>
File: media/image5.png Graphic file (type png)
<use media/image5.png>
Package pdftex.def Info: media/image5.png  used on input line 15.
(pdftex.def)             Requested size: 43.42458pt x 57.93895pt.
<media/image6.png, id=10, 74.5695pt x 98.55pt>
File: media/image6.png Graphic file (type png)
<use media/image6.png>
Package pdftex.def Info: media/image6.png  used on input line 16.
(pdftex.def)             Requested size: 71.60637pt x 73.47171pt.
<media/image7.png, id=11, 75.28125pt x 75.28125pt>
File: media/image7.png Graphic file (type png)
<use media/image7.png>
Package pdftex.def Info: media/image7.png  used on input line 17.
(pdftex.def)             Requested size: 47.02309pt x 47.02309pt.

Overfull \hbox (11.64334pt too wide) in paragraph at lines 11--19
[][] [] [] [] [] []
 []

LaTeX Font Info:    External font `cmex10' loaded for size
(Font)              <7> on input line 23.
LaTeX Font Info:    External font `cmex10' loaded for size
(Font)              <5> on input line 23.
LaTeX Font Info:    Trying to load font information for OMS+cmr on input line 2
3.
(/usr/share/texlive/texmf-dist/tex/latex/base/omscmr.fd
File: omscmr.fd 2023/04/13 v2.5m Standard LaTeX font definitions
)
LaTeX Font Info:    Font shape `OMS/cmr/m/n' in size <10> not available
(Font)              Font shape `OMS/cmsy/m/n' tried instead on input line 23.

Overfull \hbox (0.86165pt too wide) in paragraph at lines 73--81
\OT1/cmr/m/n/10 cial Meth-ods, De-scrip-tors and Prop-er-ties, Class Dec-o-ra-t
ors and Meta
 []

[1

{/var/lib/texmf/fonts/map/pdftex/updmap/pdftex.map} <./media/image1.png> <./med
ia/image2.jpeg> <./media/image3.png> <./media/image4.png> <./media/image5.png> 
<./media/image6.png> <./media/image7.png>]
Overfull \hbox (7.36172pt too wide) in paragraph at lines 104--108
\OT1/cmr/m/n/10 Traits, Pat-terns, RegEx, Ex-trac-tors, File IO, Pack-ages, OOP
s, Params
 []


Overfull \hbox (3.86186pt too wide) in paragraph at lines 104--108
\OT1/cmr/m/n/10 Types, Ex-cep-tions, Map, An-no-ta-tions, Op-tions, Eval-u-a-ti
ons, Stream-
 []


Overfull \hbox (8.03444pt too wide) in paragraph at lines 117--120
[]\OT1/cmr/bx/n/10 Execution & Flow Con-trol\OT1/cmr/m/n/10 : Split In Batches,
 Merge (Wait/Append
 []


Overfull \hbox (1.17319pt too wide) in paragraph at lines 137--140
[]\OT1/cmr/bx/n/10 Deployment & Con-fig-u-ra-tion\OT1/cmr/m/n/10 : Docker, Ku-b
er-netes, Post-greSQL,
 []

[2]
Overfull \hbox (10.35565pt too wide) in paragraph at lines 153--155
[]\OT1/cmr/bx/n/10 Core Con-cepts: \OT1/cmr/m/n/10 Chains, Agents, Tools, Com-p
o-nents, Nodes, Graphs,
 []


Overfull \hbox (1.5151pt too wide) in paragraph at lines 176--178
[]\OT1/cmr/bx/n/10 Deployment & Host-ing\OT1/cmr/m/n/10 : Docker, Self-Hosting,
 Stream-lit, FastAPI
 []

[3]
Overfull \hbox (6.21793pt too wide) in paragraph at lines 230--232
[]\OT1/cmr/bx/n/10 Sentiment Anal-y-sis\OT1/cmr/m/n/10 : Aspect-based sen-ti-me
nt anal-y-sis, Fine-grained
 []


Overfull \hbox (1.9581pt too wide) in paragraph at lines 240--242
[]\OT1/cmr/bx/n/10 Information Ex-trac-tion\OT1/cmr/m/n/10 : Re-la-tion ex-trac
-tion, Event ex-trac-tion, Template-
 []


Overfull \hbox (0.93297pt too wide) in paragraph at lines 247--249
[]\OT1/cmr/bx/n/10 Semantics and On-tolo-gies\OT1/cmr/m/n/10 : Se-man-tic Role 
La-bel-ing (SRL), Frame
 []


Overfull \hbox (16.00056pt too wide) in paragraph at lines 257--263
[]\OT1/cmr/m/n/10 Generative AI, Vari-a-tional Auto En-coders (VAE), GAN, Auto-
regressive
 []


Overfull \hbox (2.51451pt too wide) in paragraph at lines 257--263
\OT1/cmr/m/n/10 model, flow-based model, energy-based model, Text Gen-er-a-tion
, NLP
 []


Overfull \hbox (1.01448pt too wide) in paragraph at lines 257--263
\OT1/cmr/m/n/10 els, Gen-er-a-tion and Sam-pling tech-niques, Dagshub, Vec-tor 
Database,
 []

[4] [5]
Overfull \hbox (26.01982pt too wide) in paragraph at lines 361--363
[]\OT1/cmr/bx/n/10 Data plat-form: \OT1/cmr/m/n/10 RDS, NoSQL-DynamoDB, Glue (E
TL), AWS Snowflake,
 []


Overfull \hbox (6.61107pt too wide) in paragraph at lines 364--366
[]\OT1/cmr/bx/n/10 Machine Learn-ing: \OT1/cmr/m/n/10 Trans-late, Sage-Maker, C
om-pre-hend, Lex, Polly,
 []


Overfull \hbox (12.80586pt too wide) in paragraph at lines 383--386
[]\OT1/cmr/bx/n/10 AI/ML: \OT1/cmr/m/n/10 MLOps, Azure Ma-chine Learn-ing, MLFl
ow, Azure Databricks
 []

[6] [7]
<media/image9.png, id=54, 252.945pt x 252.945pt>
File: media/image9.png Graphic file (type png)
<use media/image9.png>
Package pdftex.def Info: media/image9.png  used on input line 486.
(pdftex.def)             Requested size: 47.32672pt x 47.07584pt.
<media/image10.jpeg, id=55, 46.647pt x 46.3185pt>
File: media/image10.jpeg Graphic file (type jpg)
<use media/image10.jpeg>
Package pdftex.def Info: media/image10.jpeg  used on input line 486.
(pdftex.def)             Requested size: 34.12817pt x 41.65656pt.
<media/image11.jpg, id=56, 200.75pt x 200.75pt>
File: media/image11.jpg Graphic file (type jpg)
<use media/image11.jpg>
Package pdftex.def Info: media/image11.jpg  used on input line 486.
(pdftex.def)             Requested size: 82.97887pt x 28.85529pt.
<media/image12.png, id=57, 2509.375pt x 1411.2725pt>
File: media/image12.png Graphic file (type png)
<use media/image12.png>
Package pdftex.def Info: media/image12.png  used on input line 486.
(pdftex.def)             Requested size: 85.69286pt x 16.55983pt.
<media/image13.png, id=58, 179.67125pt x 52.195pt>
File: media/image13.png Graphic file (type png)
<use media/image13.png>
Package pdftex.def Info: media/image13.png  used on input line 486.
(pdftex.def)             Requested size: 48.68185pt x 8.78304pt.
<media/image16.png, id=59, 79.1685pt x 35.478pt>
File: media/image16.png Graphic file (type png)
<use media/image16.png>
Package pdftex.def Info: media/image16.png  used on input line 488.
(pdftex.def)             Requested size: 69.085pt x 28.82578pt.
<media/image17.jpg, id=60, 191.71625pt x 143.53625pt>
File: media/image17.jpg Graphic file (type jpg)
<use media/image17.jpg>
Package pdftex.def Info: media/image17.jpg  used on input line 488.
(pdftex.def)             Requested size: 62.68147pt x 46.97505pt.
<media/image18.jpg, id=61, 200.75pt x 200.75pt>
File: media/image18.jpg Graphic file (type jpg)
<use media/image18.jpg>
Package pdftex.def Info: media/image18.jpg  used on input line 488.
(pdftex.def)             Requested size: 84.96994pt x 39.19662pt.
<media/image19.png, id=62, 118.917pt x 28.5795pt>
File: media/image19.png Graphic file (type png)
<use media/image19.png>
Package pdftex.def Info: media/image19.png  used on input line 490.
(pdftex.def)             Requested size: 118.73343pt x 28.50702pt.
<media/image20.png, id=63, 120.888pt x 40.734pt>
File: media/image20.png Graphic file (type png)
<use media/image20.png>
Package pdftex.def Info: media/image20.png  used on input line 492.
(pdftex.def)             Requested size: 120.80836pt x 40.58347pt.
<media/image21.png, id=64, 225.84375pt x 225.84375pt>
File: media/image21.png Graphic file (type png)
<use media/image21.png>
Package pdftex.def Info: media/image21.png  used on input line 492.
(pdftex.def)             Requested size: 75.4591pt x 66.80252pt.
 [8 <./media/image9.png> <./media/image10.jpeg> <./media/image11.jpg> <./media/
image12.png> <./media/image13.png> <./media/image16.png> <./media/image17.jpg> 
<./media/image18.jpg> <./media/image19.png> <./media/image20.png> <./media/imag
e21.png>]
Overfull \hbox (0.7218pt too wide) in paragraph at lines 595--597
[]\OT1/cmr/m/n/10 Airflow, Apache NiFi, Kafka, MQTT Pro-to-col, Data Pipelines 
(ETL/ELT) 
 []

[9]
Overfull \hbox (5.00916pt too wide) in paragraph at lines 674--677
[]\OT1/cmr/bx/n/10 Cloud-Native Ku-ber-netes Ser-vices\OT1/cmr/m/n/10 : Ama-zon
 EKS, Azure AKS, Google
 []

[10]
Overfull \hbox (1.8128pt too wide) in paragraph at lines 728--731
[]\OT1/cmr/bx/n/10 AWS Ser-vices\OT1/cmr/m/n/10 : EC2, Lambda, S3, RDS, Glue, E
KS, Cloud-Watch, Cloud-
 []


Overfull \hbox (2.2434pt too wide) in paragraph at lines 734--737
[]\OT1/cmr/bx/n/10 GCP Ser-vices\OT1/cmr/m/n/10 : Google Cloud Func-tions, Big-
Query, Cloud Stor-age, Cloud
 []


Overfull \hbox (8.2072pt too wide) in paragraph at lines 750--754
[]\OT1/cmr/bx/n/10 Model De-vel-op-ment\OT1/cmr/m/n/10 : Su-per-vised & Un-su-p
er-vised Learn-ing, NLP (BERT,
 []

[11]
Overfull \hbox (25.77734pt too wide) in paragraph at lines 776--778
[]\OT1/cmr/bx/n/10 Experimentation & Mon-i-tor-ing\OT1/cmr/m/n/10 : Weights & B
i-ases, Nep-tune.ai, Prometheus
 []

<media/image22.png, id=88, 120.45pt x 43.16125pt>
File: media/image22.png Graphic file (type png)
<use media/image22.png>
Package pdftex.def Info: media/image22.png  used on input line 818.
(pdftex.def)             Requested size: 90.3391pt x 32.3715pt.
[12 <./media/image22.png>]
<media/image23.png, id=94, 109.40875pt x 109.40875pt>
File: media/image23.png Graphic file (type png)
<use media/image23.png>
Package pdftex.def Info: media/image23.png  used on input line 849.
(pdftex.def)             Requested size: 35.77777pt x 35.90799pt.
<media/image24.png, id=96, 235.88126pt x 118.4425pt>
File: media/image24.png Graphic file (type png)
<use media/image24.png>
Package pdftex.def Info: media/image24.png  used on input line 861.
(pdftex.def)             Requested size: 35.33026pt x 38.69395pt.
<media/image25.png, id=97, 113.42375pt x 106.3975pt>
File: media/image25.png Graphic file (type png)
<use media/image25.png>
Package pdftex.def Info: media/image25.png  used on input line 875.
(pdftex.def)             Requested size: 29.50677pt x 24.2079pt.
 [13 <./media/image23.png> <./media/image24.png> <./media/image25.png>] (./AIML
-CloudBigDataArchitectTrainerProfile.aux)
 ***********
LaTeX2e <2023-11-01> patch level 1
L3 programming layer <2024-01-22>
 ***********


Package rerunfilecheck Warning: File `AIML-CloudBigDataArchitectTrainerProfile.
out' has changed.
(rerunfilecheck)                Rerun to get outlines right
(rerunfilecheck)                or use package `bookmark'.

Package rerunfilecheck Info: Checksums for `AIML-CloudBigDataArchitectTrainerPr
ofile.out':
(rerunfilecheck)             Before: <no file>
(rerunfilecheck)             After:  D41D8CD98F00B204E9800998ECF8427E;0.
 ) 
Here is how much of TeX's memory you used:
 8855 strings out of 476182
 138958 string characters out of 5795595
 1935975 words of memory out of 5000000
 30767 multiletter control sequences out of 15000+600000
 559299 words of font info for 41 fonts, out of 8000000 for 9000
 14 hyphenation exceptions out of 8191
 75i,6n,79p,443b,512s stack positions out of 10000i,1000n,20000p,200000b,200000s
 </home/codespace/.texlive2023/texmf-var/fonts/pk/ljfour/jknappen/ec/tcrm1000
.600pk></usr/share/texlive/texmf-dist/fonts/type1/public/amsfonts/cm/cmbx10.pfb
></usr/share/texlive/texmf-dist/fonts/type1/public/amsfonts/cm/cmr10.pfb></usr/
share/texlive/texmf-dist/fonts/type1/public/amsfonts/cm/cmr7.pfb></usr/share/te
xlive/texmf-dist/fonts/type1/public/amsfonts/cm/cmsy10.pfb></usr/share/texlive/
texmf-dist/fonts/type1/public/amsfonts/cm/cmtt10.pfb>
Output written on AIML-CloudBigDataArchitectTrainerProfile.pdf (13 pages, 42679
8 bytes).
PDF statistics:
 140 PDF objects out of 1000 (max. 8388607)
 74 compressed objects within 1 object stream
 14 named destinations out of 1000 (max. 500000)
 111 words of extra memory for PDF output out of 10000 (max. 10000000)

